{"C:\\Users\\Austin\\Downloads\\wedding-website\\backend\\config\\firestore.js": {"path":"C:\\Users\\Austin\\Downloads\\wedding-website\\backend\\config\\firestore.js","statementMap":{"0":{"start":{"line":1,"column":14},"end":{"line":1,"column":39}},"1":{"start":{"line":2,"column":13},"end":{"line":2,"column":28}},"2":{"start":{"line":4,"column":27},"end":{"line":4,"column":75}},"3":{"start":{"line":6,"column":0},"end":{"line":17,"column":1}},"4":{"start":{"line":7,"column":2},"end":{"line":16,"column":3}},"5":{"start":{"line":8,"column":4},"end":{"line":11,"column":7}},"6":{"start":{"line":12,"column":4},"end":{"line":12,"column":59}},"7":{"start":{"line":14,"column":4},"end":{"line":14,"column":63}},"8":{"start":{"line":15,"column":4},"end":{"line":15,"column":16}},"9":{"start":{"line":19,"column":11},"end":{"line":19,"column":28}},"10":{"start":{"line":20,"column":0},"end":{"line":20,"column":20}}},"fnMap":{},"branchMap":{"0":{"loc":{"start":{"line":6,"column":0},"end":{"line":17,"column":1}},"type":"if","locations":[{"start":{"line":6,"column":0},"end":{"line":17,"column":1}},{"start":{},"end":{}}],"line":6}},"s":{"0":1,"1":1,"2":1,"3":1,"4":1,"5":1,"6":1,"7":0,"8":0,"9":1,"10":1},"f":{},"b":{"0":[1,0]},"_coverageSchema":"1a1c01bbd47fc00a2c39e90264f33305004495a9","hash":"41597e2ded89aa84aaab388568c3f058c5ad6fee"}
,"C:\\Users\\Austin\\Downloads\\wedding-website\\backend\\controllers\\guestbookController.js": {"path":"C:\\Users\\Austin\\Downloads\\wedding-website\\backend\\controllers\\guestbookController.js","statementMap":{"0":{"start":{"line":6,"column":31},"end":{"line":20,"column":1}},"1":{"start":{"line":27,"column":28},"end":{"line":30,"column":2}},"2":{"start":{"line":28,"column":18},"end":{"line":28,"column":48}},"3":{"start":{"line":29,"column":2},"end":{"line":29,"column":20}},"4":{"start":{"line":37,"column":29},"end":{"line":70,"column":2}},"5":{"start":{"line":39,"column":17},"end":{"line":39,"column":38}},"6":{"start":{"line":40,"column":2},"end":{"line":48,"column":3}},"7":{"start":{"line":41,"column":4},"end":{"line":41,"column":20}},"8":{"start":{"line":42,"column":4},"end":{"line":47,"column":6}},"9":{"start":{"line":45,"column":22},"end":{"line":45,"column":29}},"10":{"start":{"line":50,"column":28},"end":{"line":50,"column":36}},"11":{"start":{"line":52,"column":2},"end":{"line":55,"column":3}},"12":{"start":{"line":53,"column":4},"end":{"line":53,"column":20}},"13":{"start":{"line":54,"column":4},"end":{"line":54,"column":68}},"14":{"start":{"line":57,"column":16},"end":{"line":60,"column":4}},"15":{"start":{"line":62,"column":16},"end":{"line":62,"column":34}},"16":{"start":{"line":64,"column":2},"end":{"line":69,"column":5}}},"fnMap":{"0":{"name":"(anonymous_0)","decl":{"start":{"line":27,"column":41},"end":{"line":27,"column":42}},"loc":{"start":{"line":27,"column":61},"end":{"line":30,"column":1}},"line":27},"1":{"name":"(anonymous_1)","decl":{"start":{"line":37,"column":42},"end":{"line":37,"column":43}},"loc":{"start":{"line":37,"column":62},"end":{"line":70,"column":1}},"line":37},"2":{"name":"(anonymous_2)","decl":{"start":{"line":45,"column":13},"end":{"line":45,"column":14}},"loc":{"start":{"line":45,"column":22},"end":{"line":45,"column":29}},"line":45}},"branchMap":{"0":{"loc":{"start":{"line":40,"column":2},"end":{"line":48,"column":3}},"type":"if","locations":[{"start":{"line":40,"column":2},"end":{"line":48,"column":3}},{"start":{},"end":{}}],"line":40},"1":{"loc":{"start":{"line":52,"column":2},"end":{"line":55,"column":3}},"type":"if","locations":[{"start":{"line":52,"column":2},"end":{"line":55,"column":3}},{"start":{},"end":{}}],"line":52},"2":{"loc":{"start":{"line":52,"column":6},"end":{"line":52,"column":39}},"type":"binary-expr","locations":[{"start":{"line":52,"column":6},"end":{"line":52,"column":14}},{"start":{"line":52,"column":18},"end":{"line":52,"column":39}}],"line":52},"3":{"loc":{"start":{"line":58,"column":10},"end":{"line":58,"column":29}},"type":"binary-expr","locations":[{"start":{"line":58,"column":10},"end":{"line":58,"column":14}},{"start":{"line":58,"column":18},"end":{"line":58,"column":29}}],"line":58}},"s":{"0":1,"1":1,"2":2,"3":1,"4":1,"5":6,"6":6,"7":0,"8":0,"9":0,"10":6,"11":6,"12":2,"13":2,"14":4,"15":4,"16":2},"f":{"0":2,"1":6,"2":0},"b":{"0":[0,6],"1":[2,4],"2":[6,5],"3":[4,1]},"_coverageSchema":"1a1c01bbd47fc00a2c39e90264f33305004495a9","hash":"1668f0351479b38cf094b4b841f5d5afc366ca62"}
,"C:\\Users\\Austin\\Downloads\\wedding-website\\backend\\models\\GuestbookEntry.firestore.js": {"path":"C:\\Users\\Austin\\Downloads\\wedding-website\\backend\\models\\GuestbookEntry.firestore.js","statementMap":{"0":{"start":{"line":1,"column":11},"end":{"line":1,"column":44}},"1":{"start":{"line":5,"column":4},"end":{"line":5,"column":41}},"2":{"start":{"line":6,"column":4},"end":{"line":6,"column":32}},"3":{"start":{"line":7,"column":4},"end":{"line":7,"column":50}},"4":{"start":{"line":12,"column":19},"end":{"line":12,"column":21}},"5":{"start":{"line":14,"column":4},"end":{"line":16,"column":5}},"6":{"start":{"line":15,"column":6},"end":{"line":15,"column":66}},"7":{"start":{"line":18,"column":4},"end":{"line":20,"column":5}},"8":{"start":{"line":19,"column":6},"end":{"line":19,"column":59}},"9":{"start":{"line":22,"column":4},"end":{"line":22,"column":18}},"10":{"start":{"line":27,"column":19},"end":{"line":27,"column":48}},"11":{"start":{"line":28,"column":4},"end":{"line":30,"column":5}},"12":{"start":{"line":29,"column":6},"end":{"line":29,"column":40}},"13":{"start":{"line":32,"column":19},"end":{"line":36,"column":6}},"14":{"start":{"line":38,"column":4},"end":{"line":38,"column":24}},"15":{"start":{"line":39,"column":4},"end":{"line":39,"column":16}},"16":{"start":{"line":44,"column":21},"end":{"line":44,"column":95}},"17":{"start":{"line":46,"column":4},"end":{"line":49,"column":8}},"18":{"start":{"line":46,"column":39},"end":{"line":49,"column":5}},"19":{"start":{"line":54,"column":16},"end":{"line":54,"column":69}},"20":{"start":{"line":56,"column":4},"end":{"line":58,"column":5}},"21":{"start":{"line":57,"column":6},"end":{"line":57,"column":18}},"22":{"start":{"line":60,"column":4},"end":{"line":63,"column":6}},"23":{"start":{"line":68,"column":4},"end":{"line":68,"column":61}},"24":{"start":{"line":69,"column":4},"end":{"line":69,"column":16}}},"fnMap":{"0":{"name":"(anonymous_0)","decl":{"start":{"line":4,"column":2},"end":{"line":4,"column":3}},"loc":{"start":{"line":4,"column":20},"end":{"line":8,"column":3}},"line":4},"1":{"name":"(anonymous_1)","decl":{"start":{"line":11,"column":2},"end":{"line":11,"column":3}},"loc":{"start":{"line":11,"column":24},"end":{"line":23,"column":3}},"line":11},"2":{"name":"(anonymous_2)","decl":{"start":{"line":26,"column":2},"end":{"line":26,"column":3}},"loc":{"start":{"line":26,"column":15},"end":{"line":40,"column":3}},"line":26},"3":{"name":"(anonymous_3)","decl":{"start":{"line":43,"column":2},"end":{"line":43,"column":3}},"loc":{"start":{"line":43,"column":25},"end":{"line":50,"column":3}},"line":43},"4":{"name":"(anonymous_4)","decl":{"start":{"line":46,"column":29},"end":{"line":46,"column":30}},"loc":{"start":{"line":46,"column":39},"end":{"line":49,"column":5}},"line":46},"5":{"name":"(anonymous_5)","decl":{"start":{"line":53,"column":2},"end":{"line":53,"column":3}},"loc":{"start":{"line":53,"column":28},"end":{"line":64,"column":3}},"line":53},"6":{"name":"(anonymous_6)","decl":{"start":{"line":67,"column":2},"end":{"line":67,"column":3}},"loc":{"start":{"line":67,"column":30},"end":{"line":70,"column":3}},"line":67}},"branchMap":{"0":{"loc":{"start":{"line":5,"column":16},"end":{"line":5,"column":40}},"type":"binary-expr","locations":[{"start":{"line":5,"column":16},"end":{"line":5,"column":25}},{"start":{"line":5,"column":29},"end":{"line":5,"column":40}}],"line":5},"1":{"loc":{"start":{"line":7,"column":21},"end":{"line":7,"column":49}},"type":"binary-expr","locations":[{"start":{"line":7,"column":21},"end":{"line":7,"column":35}},{"start":{"line":7,"column":39},"end":{"line":7,"column":49}}],"line":7},"2":{"loc":{"start":{"line":14,"column":4},"end":{"line":16,"column":5}},"type":"if","locations":[{"start":{"line":14,"column":4},"end":{"line":16,"column":5}},{"start":{},"end":{}}],"line":14},"3":{"loc":{"start":{"line":14,"column":8},"end":{"line":14,"column":57}},"type":"binary-expr","locations":[{"start":{"line":14,"column":8},"end":{"line":14,"column":21}},{"start":{"line":14,"column":25},"end":{"line":14,"column":57}}],"line":14},"4":{"loc":{"start":{"line":18,"column":4},"end":{"line":20,"column":5}},"type":"if","locations":[{"start":{"line":18,"column":4},"end":{"line":20,"column":5}},{"start":{},"end":{}}],"line":18},"5":{"loc":{"start":{"line":18,"column":8},"end":{"line":18,"column":49}},"type":"binary-expr","locations":[{"start":{"line":18,"column":8},"end":{"line":18,"column":20}},{"start":{"line":18,"column":24},"end":{"line":18,"column":49}}],"line":18},"6":{"loc":{"start":{"line":28,"column":4},"end":{"line":30,"column":5}},"type":"if","locations":[{"start":{"line":28,"column":4},"end":{"line":30,"column":5}},{"start":{},"end":{}}],"line":28},"7":{"loc":{"start":{"line":56,"column":4},"end":{"line":58,"column":5}},"type":"if","locations":[{"start":{"line":56,"column":4},"end":{"line":58,"column":5}},{"start":{},"end":{}}],"line":56}},"s":{"0":1,"1":0,"2":0,"3":0,"4":0,"5":0,"6":0,"7":0,"8":0,"9":0,"10":0,"11":0,"12":0,"13":0,"14":0,"15":0,"16":0,"17":0,"18":0,"19":0,"20":0,"21":0,"22":0,"23":0,"24":0},"f":{"0":0,"1":0,"2":0,"3":0,"4":0,"5":0,"6":0},"b":{"0":[0,0],"1":[0,0],"2":[0,0],"3":[0,0],"4":[0,0],"5":[0,0],"6":[0,0],"7":[0,0]},"_coverageSchema":"1a1c01bbd47fc00a2c39e90264f33305004495a9","hash":"8c5a1710753bd341341f0ca9f68acb6ca652fed6"}
,"C:\\Users\\Austin\\Downloads\\wedding-website\\backend\\routes\\album.js": {"path":"C:\\Users\\Austin\\Downloads\\wedding-website\\backend\\routes\\album.js","statementMap":{"0":{"start":{"line":11,"column":15},"end":{"line":11,"column":31}},"1":{"start":{"line":14,"column":0},"end":{"line":14,"column":31}},"2":{"start":{"line":17,"column":0},"end":{"line":17,"column":63}},"3":{"start":{"line":20,"column":0},"end":{"line":20,"column":46}},"4":{"start":{"line":21,"column":0},"end":{"line":21,"column":54}}},"fnMap":{},"branchMap":{},"s":{"0":1,"1":1,"2":1,"3":1,"4":1},"f":{},"b":{},"_coverageSchema":"1a1c01bbd47fc00a2c39e90264f33305004495a9","hash":"ae89aa89d5959014296d7792b6b43eb794948965"}
,"C:\\Users\\Austin\\Downloads\\wedding-website\\backend\\routes\\guestbookRoutes.js": {"path":"C:\\Users\\Austin\\Downloads\\wedding-website\\backend\\routes\\guestbookRoutes.js","statementMap":{"0":{"start":{"line":10,"column":25},"end":{"line":14,"column":2}},"1":{"start":{"line":16,"column":15},"end":{"line":16,"column":31}},"2":{"start":{"line":80,"column":0},"end":{"line":83,"column":72}}},"fnMap":{},"branchMap":{},"s":{"0":1,"1":1,"2":1},"f":{},"b":{},"_coverageSchema":"1a1c01bbd47fc00a2c39e90264f33305004495a9","hash":"b2dd215e7f0576f3f6972b1a892725b99b1a2d61"}
,"C:\\Users\\Austin\\Downloads\\wedding-website\\backend\\routes\\mapRoutes.js": {"path":"C:\\Users\\Austin\\Downloads\\wedding-website\\backend\\routes\\mapRoutes.js","statementMap":{"0":{"start":{"line":4,"column":15},"end":{"line":4,"column":31}},"1":{"start":{"line":6,"column":0},"end":{"line":6,"column":45}},"2":{"start":{"line":10,"column":19},"end":{"line":14,"column":2}},"3":{"start":{"line":16,"column":0},"end":{"line":16,"column":54}}},"fnMap":{},"branchMap":{},"s":{"0":1,"1":1,"2":1,"3":1},"f":{},"b":{},"_coverageSchema":"1a1c01bbd47fc00a2c39e90264f33305004495a9","hash":"8e66f9ab369412b49bca17c516d13c2a314a7e08"}
,"C:\\Users\\Austin\\Downloads\\wedding-website\\backend\\routes\\videoRoutes.js": {"path":"C:\\Users\\Austin\\Downloads\\wedding-website\\backend\\routes\\videoRoutes.js","statementMap":{"0":{"start":{"line":4,"column":15},"end":{"line":4,"column":31}},"1":{"start":{"line":6,"column":0},"end":{"line":6,"column":35}}},"fnMap":{},"branchMap":{},"s":{"0":1,"1":1},"f":{},"b":{},"_coverageSchema":"1a1c01bbd47fc00a2c39e90264f33305004495a9","hash":"a0078af9a95467c1144e1dd7bf5ef65be3194b06"}
,"C:\\Users\\Austin\\Downloads\\wedding-website\\backend\\utils\\asyncHandler.js": {"path":"C:\\Users\\Austin\\Downloads\\wedding-website\\backend\\utils\\asyncHandler.js","statementMap":{"0":{"start":{"line":1,"column":21},"end":{"line":1,"column":96}},"1":{"start":{"line":1,"column":29},"end":{"line":1,"column":96}},"2":{"start":{"line":1,"column":49},"end":{"line":1,"column":96}}},"fnMap":{"0":{"name":"(anonymous_0)","decl":{"start":{"line":1,"column":21},"end":{"line":1,"column":22}},"loc":{"start":{"line":1,"column":29},"end":{"line":1,"column":96}},"line":1},"1":{"name":"(anonymous_1)","decl":{"start":{"line":1,"column":29},"end":{"line":1,"column":30}},"loc":{"start":{"line":1,"column":49},"end":{"line":1,"column":96}},"line":1}},"branchMap":{},"s":{"0":2,"1":4,"2":10},"f":{"0":4,"1":10},"b":{},"_coverageSchema":"1a1c01bbd47fc00a2c39e90264f33305004495a9","hash":"674b2e204974fcffdfda564bf723ec81cdc5dbc7"}
,"C:\\Users\\Austin\\Downloads\\wedding-website\\backend\\utils\\errorHandler.js": {"path":"C:\\Users\\Austin\\Downloads\\wedding-website\\backend\\utils\\errorHandler.js","statementMap":{"0":{"start":{"line":1,"column":21},"end":{"line":12,"column":1}},"1":{"start":{"line":4,"column":21},"end":{"line":4,"column":66}},"2":{"start":{"line":5,"column":2},"end":{"line":5,"column":25}},"3":{"start":{"line":7,"column":2},"end":{"line":11,"column":5}}},"fnMap":{"0":{"name":"(anonymous_0)","decl":{"start":{"line":1,"column":21},"end":{"line":1,"column":22}},"loc":{"start":{"line":1,"column":40},"end":{"line":12,"column":1}},"line":1}},"branchMap":{"0":{"loc":{"start":{"line":4,"column":21},"end":{"line":4,"column":66}},"type":"cond-expr","locations":[{"start":{"line":4,"column":46},"end":{"line":4,"column":49}},{"start":{"line":4,"column":52},"end":{"line":4,"column":66}}],"line":4},"1":{"loc":{"start":{"line":10,"column":11},"end":{"line":10,"column":67}},"type":"cond-expr","locations":[{"start":{"line":10,"column":51},"end":{"line":10,"column":55}},{"start":{"line":10,"column":58},"end":{"line":10,"column":67}}],"line":10}},"s":{"0":1,"1":1,"2":1,"3":1},"f":{"0":1},"b":{"0":[1,0],"1":[0,1]},"_coverageSchema":"1a1c01bbd47fc00a2c39e90264f33305004495a9","hash":"5c543cd5c1c6eaf698dd3d6b6b923c5cdbe40d5b"}
,"C:\\Users\\Austin\\Downloads\\wedding-website\\backend\\utils\\geo.js": {"path":"C:\\Users\\Austin\\Downloads\\wedding-website\\backend\\utils\\geo.js","statementMap":{"0":{"start":{"line":6,"column":23},"end":{"line":28,"column":1}},"1":{"start":{"line":9,"column":22},"end":{"line":9,"column":74}},"2":{"start":{"line":11,"column":2},"end":{"line":27,"column":3}},"3":{"start":{"line":12,"column":21},"end":{"line":14,"column":5}},"4":{"start":{"line":15,"column":17},"end":{"line":15,"column":38}},"5":{"start":{"line":17,"column":4},"end":{"line":21,"column":5}},"6":{"start":{"line":20,"column":6},"end":{"line":20,"column":69}},"7":{"start":{"line":23,"column":4},"end":{"line":23,"column":84}},"8":{"start":{"line":26,"column":4},"end":{"line":26,"column":63}}},"fnMap":{"0":{"name":"(anonymous_0)","decl":{"start":{"line":6,"column":23},"end":{"line":6,"column":24}},"loc":{"start":{"line":6,"column":37},"end":{"line":28,"column":1}},"line":6}},"branchMap":{"0":{"loc":{"start":{"line":9,"column":22},"end":{"line":9,"column":74}},"type":"cond-expr","locations":[{"start":{"line":9,"column":58},"end":{"line":9,"column":69}},{"start":{"line":9,"column":72},"end":{"line":9,"column":74}}],"line":9},"1":{"loc":{"start":{"line":17,"column":4},"end":{"line":21,"column":5}},"type":"if","locations":[{"start":{"line":17,"column":4},"end":{"line":21,"column":5}},{"start":{},"end":{}}],"line":17}},"s":{"0":1,"1":2,"2":2,"3":2,"4":1,"5":1,"6":0,"7":1,"8":1},"f":{"0":2},"b":{"0":[1,1],"1":[0,1]},"_coverageSchema":"1a1c01bbd47fc00a2c39e90264f33305004495a9","hash":"fc0bba30906fe9a159cd4f3d9b4c1f5d5e359c66"}
}
