TN:
SF:config\firestore.js
FNF:0
FNH:0
DA:1,1
DA:2,1
DA:4,1
DA:6,1
DA:7,1
DA:8,1
DA:12,1
DA:14,0
DA:15,0
DA:19,1
DA:20,1
LF:11
LH:9
BRDA:6,0,0,1
BRDA:6,0,1,0
BRF:2
BRH:1
end_of_record
TN:
SF:controllers\guestbookController.js
FN:27,(anonymous_0)
FN:37,(anonymous_1)
FN:45,(anonymous_2)
FNF:3
FNH:2
FNDA:2,(anonymous_0)
FNDA:6,(anonymous_1)
FNDA:0,(anonymous_2)
DA:6,1
DA:27,1
DA:28,2
DA:29,1
DA:37,1
DA:39,6
DA:40,6
DA:41,0
DA:42,0
DA:45,0
DA:50,6
DA:52,6
DA:53,2
DA:54,2
DA:57,4
DA:62,4
DA:64,2
LF:17
LH:14
BRDA:40,0,0,0
BRDA:40,0,1,6
BRDA:52,1,0,2
BRDA:52,1,1,4
BRDA:52,2,0,6
BRDA:52,2,1,5
BRDA:58,3,0,4
BRDA:58,3,1,1
BRF:8
BRH:7
end_of_record
TN:
SF:models\GuestbookEntry.firestore.js
FN:4,(anonymous_0)
FN:11,(anonymous_1)
FN:26,(anonymous_2)
FN:43,(anonymous_3)
FN:46,(anonymous_4)
FN:53,(anonymous_5)
FN:67,(anonymous_6)
FNF:7
FNH:0
FNDA:0,(anonymous_0)
FNDA:0,(anonymous_1)
FNDA:0,(anonymous_2)
FNDA:0,(anonymous_3)
FNDA:0,(anonymous_4)
FNDA:0,(anonymous_5)
FNDA:0,(anonymous_6)
DA:1,1
DA:5,0
DA:6,0
DA:7,0
DA:12,0
DA:14,0
DA:15,0
DA:18,0
DA:19,0
DA:22,0
DA:27,0
DA:28,0
DA:29,0
DA:32,0
DA:38,0
DA:39,0
DA:44,0
DA:46,0
DA:54,0
DA:56,0
DA:57,0
DA:60,0
DA:68,0
DA:69,0
LF:24
LH:1
BRDA:5,0,0,0
BRDA:5,0,1,0
BRDA:7,1,0,0
BRDA:7,1,1,0
BRDA:14,2,0,0
BRDA:14,2,1,0
BRDA:14,3,0,0
BRDA:14,3,1,0
BRDA:18,4,0,0
BRDA:18,4,1,0
BRDA:18,5,0,0
BRDA:18,5,1,0
BRDA:28,6,0,0
BRDA:28,6,1,0
BRDA:56,7,0,0
BRDA:56,7,1,0
BRF:16
BRH:0
end_of_record
TN:
SF:routes\album.js
FNF:0
FNH:0
DA:11,1
DA:14,1
DA:17,1
DA:20,1
DA:21,1
LF:5
LH:5
BRF:0
BRH:0
end_of_record
TN:
SF:routes\guestbookRoutes.js
FNF:0
FNH:0
DA:10,1
DA:16,1
DA:80,1
LF:3
LH:3
BRF:0
BRH:0
end_of_record
TN:
SF:routes\mapRoutes.js
FNF:0
FNH:0
DA:4,1
DA:6,1
DA:10,1
DA:16,1
LF:4
LH:4
BRF:0
BRH:0
end_of_record
TN:
SF:routes\videoRoutes.js
FNF:0
FNH:0
DA:4,1
DA:6,1
LF:2
LH:2
BRF:0
BRH:0
end_of_record
TN:
SF:utils\asyncHandler.js
FN:1,(anonymous_0)
FN:1,(anonymous_1)
FNF:2
FNH:2
FNDA:4,(anonymous_0)
FNDA:10,(anonymous_1)
DA:1,10
LF:1
LH:1
BRF:0
BRH:0
end_of_record
TN:
SF:utils\errorHandler.js
FN:1,(anonymous_0)
FNF:1
FNH:1
FNDA:1,(anonymous_0)
DA:1,1
DA:4,1
DA:5,1
DA:7,1
LF:4
LH:4
BRDA:4,0,0,1
BRDA:4,0,1,0
BRDA:10,1,0,0
BRDA:10,1,1,1
BRF:4
BRH:2
end_of_record
TN:
SF:utils\geo.js
FN:6,(anonymous_0)
FNF:1
FNH:1
FNDA:2,(anonymous_0)
DA:6,1
DA:9,2
DA:11,2
DA:12,2
DA:15,1
DA:17,1
DA:20,0
DA:23,1
DA:26,1
LF:9
LH:8
BRDA:9,0,0,1
BRDA:9,0,1,1
BRDA:17,1,0,0
BRDA:17,1,1,1
BRF:4
BRH:3
end_of_record
